  [1m[35m (1.6ms)[0m  [1m[35mSET NAMES utf8,  @@SESSION.sql_mode = CONCAT(CONCAT(@@sql_mode, ',STRICT_ALL_TABLES'), ',NO_AUTO_VALUE_ON_ZERO'),  @@SESSION.sql_auto_is_null = 0, @@SESSION.wait_timeout = 2147483[0m
  ↳ /home/ivan-devops/.rbenv/versions/2.5.3/bin/rake:23
  [1m[35m (340.4ms)[0m  [1m[35mCREATE TABLE `schema_migrations` (`version` varchar(255) NOT NULL PRIMARY KEY)[0m
  ↳ /home/ivan-devops/.rbenv/versions/2.5.3/bin/rake:23
  [1m[35m (332.6ms)[0m  [1m[35mCREATE TABLE `ar_internal_metadata` (`key` varchar(255) NOT NULL PRIMARY KEY, `value` varchar(255), `created_at` datetime NOT NULL, `updated_at` datetime NOT NULL)[0m
  ↳ /home/ivan-devops/.rbenv/versions/2.5.3/bin/rake:23
  [1m[35m (1.7ms)[0m  [1m[34mSELECT GET_LOCK('4918445937049123185', 0)[0m
  ↳ /home/ivan-devops/.rbenv/versions/2.5.3/bin/rake:23
  [1m[35m (0.9ms)[0m  [1m[34mSELECT `schema_migrations`.`version` FROM `schema_migrations` ORDER BY `schema_migrations`.`version` ASC[0m
  ↳ /home/ivan-devops/.rbenv/versions/2.5.3/bin/rake:23
  [1m[36mActiveRecord::InternalMetadata Load (1.3ms)[0m  [1m[34mSELECT  `ar_internal_metadata`.* FROM `ar_internal_metadata` WHERE `ar_internal_metadata`.`key` = 'environment' LIMIT 1[0m
  ↳ /home/ivan-devops/.rbenv/versions/2.5.3/bin/rake:23
  [1m[35m (1.1ms)[0m  [1m[35mBEGIN[0m
  ↳ /home/ivan-devops/.rbenv/versions/2.5.3/bin/rake:23
  [1m[36mActiveRecord::InternalMetadata Create (1.5ms)[0m  [1m[32mINSERT INTO `ar_internal_metadata` (`key`, `value`, `created_at`, `updated_at`) VALUES ('environment', 'development', '2018-12-04 09:50:28', '2018-12-04 09:50:28')[0m
  ↳ /home/ivan-devops/.rbenv/versions/2.5.3/bin/rake:23
  [1m[35m (46.8ms)[0m  [1m[35mCOMMIT[0m
  ↳ /home/ivan-devops/.rbenv/versions/2.5.3/bin/rake:23
  [1m[35m (1.4ms)[0m  [1m[34mSELECT RELEASE_LOCK('4918445937049123185')[0m
  ↳ /home/ivan-devops/.rbenv/versions/2.5.3/bin/rake:23
  [1m[35m (1.4ms)[0m  [1m[34mSELECT `schema_migrations`.`version` FROM `schema_migrations` ORDER BY `schema_migrations`.`version` ASC[0m
  ↳ /home/ivan-devops/.rbenv/versions/2.5.3/bin/rake:23
Started GET "/" for 127.0.0.1 at 2018-12-04 11:50:59 +0200
  [1m[35m (0.8ms)[0m  [1m[35mSET NAMES utf8,  @@SESSION.sql_mode = CONCAT(CONCAT(@@sql_mode, ',STRICT_ALL_TABLES'), ',NO_AUTO_VALUE_ON_ZERO'),  @@SESSION.sql_auto_is_null = 0, @@SESSION.wait_timeout = 2147483[0m
  ↳ /home/ivan-devops/.rbenv/versions/2.5.3/lib/ruby/gems/2.5.0/gems/activerecord-5.2.1.1/lib/active_record/log_subscriber.rb:98
Processing by Rails::WelcomeController#index as HTML
  Rendering /home/ivan-devops/.rbenv/versions/2.5.3/lib/ruby/gems/2.5.0/gems/railties-5.2.1.1/lib/rails/templates/rails/welcome/index.html.erb
  Rendered /home/ivan-devops/.rbenv/versions/2.5.3/lib/ruby/gems/2.5.0/gems/railties-5.2.1.1/lib/rails/templates/rails/welcome/index.html.erb (7.5ms)
Completed 200 OK in 49ms (Views: 23.1ms | ActiveRecord: 0.0ms)


